###############################################################################
#                                                                             #
# IAR C/C++ Compiler V1.30.5.50715 for RL78             23/Mar/2014  17:08:46 #
# Copyright 2011-2013 IAR Systems AB.                                         #
# Network license: ece-lic-19.ece.ncsu.edu (STD)                              #
#                                                                             #
#    Core         =  rl78_2                                                   #
#    Code model   =  Near                                                     #
#    Data model   =  Near                                                     #
#                 =                                                           #
#    Source file  =  C:\Users\Suddenlink\Dropbox\git_files\embedded_design\Pr #
#                    oj2_uCOS-III-LCD-G14\Software\EvalBoards\Renesas\YRDKRL7 #
#                    8G14\IAR\BSP\applilet3_src\r_cg_it_user.c                #
#    Command line =  C:\Users\Suddenlink\Dropbox\git_files\embedded_design\Pr #
#                    oj2_uCOS-III-LCD-G14\Software\EvalBoards\Renesas\YRDKRL7 #
#                    8G14\IAR\BSP\applilet3_src\r_cg_it_user.c --core rl78_2  #
#                    --code_model near --data_model near                      #
#                    --near_const_location rom0 -o                            #
#                    C:\Users\Suddenlink\Dropbox\git_files\embedded_design\Pr #
#                    oj2_uCOS-III-LCD-G14\Software\EvalBoards\Renesas\YRDKRL7 #
#                    8G14\IAR\Application\Debug\Obj\ --dlib_config            #
#                    "C:\Program Files\IAR Systems\Embedded Workbench         #
#                    6.5\rl78\LIB\dlrl78nn2n.h" -e -Ohz --no_scheduling       #
#                    --no_clustering --debug -lC                              #
#                    C:\Users\Suddenlink\Dropbox\git_files\embedded_design\Pr #
#                    oj2_uCOS-III-LCD-G14\Software\EvalBoards\Renesas\YRDKRL7 #
#                    8G14\IAR\Application\Debug\List\ -I                      #
#                    C:\Users\Suddenlink\Dropbox\git_files\embedded_design\Pr #
#                    oj2_uCOS-III-LCD-G14\Software\EvalBoards\Renesas\YRDKRL7 #
#                    8G14\IAR\Application\ -I C:\Users\Suddenlink\Dropbox\git #
#                    _files\embedded_design\Proj2_uCOS-III-LCD-G14\Software\E #
#                    valBoards\Renesas\YRDKRL78G14\IAR\Application\Source\    #
#                    -I C:\Users\Suddenlink\Dropbox\git_files\embedded_design #
#                    \Proj2_uCOS-III-LCD-G14\Software\EvalBoards\Renesas\YRDK #
#                    RL78G14\IAR\Application\..\uCOS-III\ -I                  #
#                    C:\Users\Suddenlink\Dropbox\git_files\embedded_design\Pr #
#                    oj2_uCOS-III-LCD-G14\Software\EvalBoards\Renesas\YRDKRL7 #
#                    8G14\IAR\Application\..\BSP\ -I                          #
#                    C:\Users\Suddenlink\Dropbox\git_files\embedded_design\Pr #
#                    oj2_uCOS-III-LCD-G14\Software\EvalBoards\Renesas\YRDKRL7 #
#                    8G14\IAR\Application\..\BSP\applilet3_src\ -I            #
#                    C:\Users\Suddenlink\Dropbox\git_files\embedded_design\Pr #
#                    oj2_uCOS-III-LCD-G14\Software\EvalBoards\Renesas\YRDKRL7 #
#                    8G14\IAR\Application\..\BSP\Glyph\Drivers\ -I            #
#                    C:\Users\Suddenlink\Dropbox\git_files\embedded_design\Pr #
#                    oj2_uCOS-III-LCD-G14\Software\EvalBoards\Renesas\YRDKRL7 #
#                    8G14\IAR\Application\..\BSP\Glyph\glyph\ -I              #
#                    C:\Users\Suddenlink\Dropbox\git_files\embedded_design\Pr #
#                    oj2_uCOS-III-LCD-G14\Software\EvalBoards\Renesas\YRDKRL7 #
#                    8G14\IAR\Application\..\..\..\..\..\uC-CPU\ -I           #
#                    C:\Users\Suddenlink\Dropbox\git_files\embedded_design\Pr #
#                    oj2_uCOS-III-LCD-G14\Software\EvalBoards\Renesas\YRDKRL7 #
#                    8G14\IAR\Application\..\..\..\..\..\uC-CPU\RL78\IAR\ -I  #
#                    C:\Users\Suddenlink\Dropbox\git_files\embedded_design\Pr #
#                    oj2_uCOS-III-LCD-G14\Software\EvalBoards\Renesas\YRDKRL7 #
#                    8G14\IAR\Application\..\..\..\..\..\uC-LIB\ -I           #
#                    C:\Users\Suddenlink\Dropbox\git_files\embedded_design\Pr #
#                    oj2_uCOS-III-LCD-G14\Software\EvalBoards\Renesas\YRDKRL7 #
#                    8G14\IAR\Application\..\..\..\..\..\uCOS-III\Ports\Renes #
#                    as\RL78\IAR\ -I C:\Users\Suddenlink\Dropbox\git_files\em #
#                    bedded_design\Proj2_uCOS-III-LCD-G14\Software\EvalBoards #
#                    \Renesas\YRDKRL78G14\IAR\Application\..\..\..\..\..\uCOS #
#                    -III\Source\ --relaxed_fp                                #
#    List file    =  C:\Users\Suddenlink\Dropbox\git_files\embedded_design\Pr #
#                    oj2_uCOS-III-LCD-G14\Software\EvalBoards\Renesas\YRDKRL7 #
#                    8G14\IAR\Application\Debug\List\r_cg_it_user.lst         #
#    Object file  =  C:\Users\Suddenlink\Dropbox\git_files\embedded_design\Pr #
#                    oj2_uCOS-III-LCD-G14\Software\EvalBoards\Renesas\YRDKRL7 #
#                    8G14\IAR\Application\Debug\Obj\r_cg_it_user.r87          #
#                                                                             #
#                                                                             #
###############################################################################

C:\Users\Suddenlink\Dropbox\git_files\embedded_design\Proj2_uCOS-III-LCD-G14\Software\EvalBoards\Renesas\YRDKRL78G14\IAR\BSP\applilet3_src\r_cg_it_user.c
      1          /***********************************************************************************************************************
      2          * DISCLAIMER
      3          * This software is supplied by Renesas Electronics Corporation and is only 
      4          * intended for use with Renesas products. No other uses are authorized. This 
      5          * software is owned by Renesas Electronics Corporation and is protected under 
      6          * all applicable laws, including copyright laws.
      7          * THIS SOFTWARE IS PROVIDED "AS IS" AND RENESAS MAKES NO WARRANTIES REGARDING 
      8          * THIS SOFTWARE, WHETHER EXPRESS, IMPLIED OR STATUTORY, INCLUDING BUT NOT 
      9          * LIMITED TO WARRANTIES OF MERCHANTABILITY, FITNESS FOR A PARTICULAR PURPOSE 
     10          * AND NON-INFRINGEMENT.  ALL SUCH WARRANTIES ARE EXPRESSLY DISCLAIMED.
     11          * TO THE MAXIMUM EXTENT PERMITTED NOT PROHIBITED BY LAW, NEITHER RENESAS 
     12          * ELECTRONICS CORPORATION NOR ANY OF ITS AFFILIATED COMPANIES SHALL BE LIABLE 
     13          * FOR ANY DIRECT, INDIRECT, SPECIAL, INCIDENTAL OR CONSEQUENTIAL DAMAGES FOR 
     14          * ANY REASON RELATED TO THIS SOFTWARE, EVEN IF RENESAS OR ITS AFFILIATES HAVE 
     15          * BEEN ADVISED OF THE POSSIBILITY OF SUCH DAMAGES.
     16          * Renesas reserves the right, without notice, to make changes to this software 
     17          * and to discontinue the availability of this software.  By using this software, 
     18          * you agree to the additional terms and conditions found by accessing the 
     19          * following link:
     20          * http://www.renesas.com/disclaimer
     21          *
     22          * Copyright (C) 2011, 2013 Renesas Electronics Corporation. All rights reserved.
     23          ***********************************************************************************************************************/
     24          
     25          /***********************************************************************************************************************
     26          * File Name    : r_cg_it_user.c
     27          * Version      : Applilet3 for RL78/G14 V2.01.00.02 [09 Aug 2013]
     28          * Device(s)    : R5F104PJ
     29          * Tool-Chain   : IAR Systems iccrl78
     30          * Description  : This file implements device driver for IT module.
     31          * Creation Date: 3/8/2014
     32          ***********************************************************************************************************************/
     33          
     34          /***********************************************************************************************************************
     35          Includes
     36          ***********************************************************************************************************************/
     37          #include "r_cg_macrodriver.h"
     38          #include "r_cg_it.h"
     39          /* Start user code for include. Do not edit comment generated here */
     40          /* End user code. Do not edit comment generated here */
     41          #include "r_cg_userdefine.h"
     42          
     43          /***********************************************************************************************************************
     44          Global variables and functions
     45          ***********************************************************************************************************************/
     46          /* Start user code for global. Do not edit comment generated here */
     47          /* End user code. Do not edit comment generated here */
     48          
     49          /***********************************************************************************************************************
     50          * Function Name: r_it_interrupt
     51          * Description  : This function is INTIT interrupt service routine.
     52          * Arguments    : None
     53          * Return Value : None
     54          ***********************************************************************************************************************/
     55          #pragma vector = INTIT_vect

   \                                 In  segment CODE, align 1, keep-with-next
     56          __interrupt static void r_it_interrupt(void)
   \                     r_it_interrupt:
     57          {
   \   000000                       ; * Stack frame (at entry) *
   \   000000                       ; Param size: 0
   \   000000                       ; Auto size: 0
     58              /* Start user code. Do not edit comment generated here */
     59              /* End user code. Do not edit comment generated here */
     60          }
   \   000000 61FC                  RETI                         ;; 6 cycles
   \   000002                       ; ------------------------------------- Block: 6 cycles
   \   000002                       ; ------------------------------------- Total: 6 cycles
   \   000002                       REQUIRE ?CLRL78_V1_0_L00

   \                                 In  segment INTVEC, offset 0x38, root
   \   000038 ....                  DW r_it_interrupt
     61          
     62          /* Start user code for adding. Do not edit comment generated here */
     63          /* End user code. Do not edit comment generated here */

   Maximum stack usage in bytes:

   CSTACK Function
   ------ --------
      0   r_it_interrupt


   Segment part sizes:

   Bytes  Function/Label
   -----  --------------
       2  ??r_it_interrupt??INTVEC 56
       2  r_it_interrupt

 
 2 bytes in segment CODE
 2 bytes in segment INTVEC
 
 2 bytes of CODE memory (+ 2 bytes shared)

Errors: none
Warnings: none
