###############################################################################
#                                                                             #
# IAR C/C++ Compiler V1.30.5.50715 for RL78             23/Mar/2014  17:08:47 #
# Copyright 2011-2013 IAR Systems AB.                                         #
# Network license: ece-lic-19.ece.ncsu.edu (STD)                              #
#                                                                             #
#    Core         =  rl78_2                                                   #
#    Code model   =  Near                                                     #
#    Data model   =  Near                                                     #
#                 =                                                           #
#    Source file  =  C:\Users\Suddenlink\Dropbox\git_files\embedded_design\Pr #
#                    oj2_uCOS-III-LCD-G14\Software\EvalBoards\Renesas\YRDKRL7 #
#                    8G14\IAR\BSP\applilet3_src\r_main.c                      #
#    Command line =  C:\Users\Suddenlink\Dropbox\git_files\embedded_design\Pr #
#                    oj2_uCOS-III-LCD-G14\Software\EvalBoards\Renesas\YRDKRL7 #
#                    8G14\IAR\BSP\applilet3_src\r_main.c --core rl78_2        #
#                    --code_model near --data_model near                      #
#                    --near_const_location rom0 -o                            #
#                    C:\Users\Suddenlink\Dropbox\git_files\embedded_design\Pr #
#                    oj2_uCOS-III-LCD-G14\Software\EvalBoards\Renesas\YRDKRL7 #
#                    8G14\IAR\Application\Debug\Obj\ --dlib_config            #
#                    "C:\Program Files\IAR Systems\Embedded Workbench         #
#                    6.5\rl78\LIB\dlrl78nn2n.h" -e -Ohz --no_scheduling       #
#                    --no_clustering --debug -lC                              #
#                    C:\Users\Suddenlink\Dropbox\git_files\embedded_design\Pr #
#                    oj2_uCOS-III-LCD-G14\Software\EvalBoards\Renesas\YRDKRL7 #
#                    8G14\IAR\Application\Debug\List\ -I                      #
#                    C:\Users\Suddenlink\Dropbox\git_files\embedded_design\Pr #
#                    oj2_uCOS-III-LCD-G14\Software\EvalBoards\Renesas\YRDKRL7 #
#                    8G14\IAR\Application\ -I C:\Users\Suddenlink\Dropbox\git #
#                    _files\embedded_design\Proj2_uCOS-III-LCD-G14\Software\E #
#                    valBoards\Renesas\YRDKRL78G14\IAR\Application\Source\    #
#                    -I C:\Users\Suddenlink\Dropbox\git_files\embedded_design #
#                    \Proj2_uCOS-III-LCD-G14\Software\EvalBoards\Renesas\YRDK #
#                    RL78G14\IAR\Application\..\uCOS-III\ -I                  #
#                    C:\Users\Suddenlink\Dropbox\git_files\embedded_design\Pr #
#                    oj2_uCOS-III-LCD-G14\Software\EvalBoards\Renesas\YRDKRL7 #
#                    8G14\IAR\Application\..\BSP\ -I                          #
#                    C:\Users\Suddenlink\Dropbox\git_files\embedded_design\Pr #
#                    oj2_uCOS-III-LCD-G14\Software\EvalBoards\Renesas\YRDKRL7 #
#                    8G14\IAR\Application\..\BSP\applilet3_src\ -I            #
#                    C:\Users\Suddenlink\Dropbox\git_files\embedded_design\Pr #
#                    oj2_uCOS-III-LCD-G14\Software\EvalBoards\Renesas\YRDKRL7 #
#                    8G14\IAR\Application\..\BSP\Glyph\Drivers\ -I            #
#                    C:\Users\Suddenlink\Dropbox\git_files\embedded_design\Pr #
#                    oj2_uCOS-III-LCD-G14\Software\EvalBoards\Renesas\YRDKRL7 #
#                    8G14\IAR\Application\..\BSP\Glyph\glyph\ -I              #
#                    C:\Users\Suddenlink\Dropbox\git_files\embedded_design\Pr #
#                    oj2_uCOS-III-LCD-G14\Software\EvalBoards\Renesas\YRDKRL7 #
#                    8G14\IAR\Application\..\..\..\..\..\uC-CPU\ -I           #
#                    C:\Users\Suddenlink\Dropbox\git_files\embedded_design\Pr #
#                    oj2_uCOS-III-LCD-G14\Software\EvalBoards\Renesas\YRDKRL7 #
#                    8G14\IAR\Application\..\..\..\..\..\uC-CPU\RL78\IAR\ -I  #
#                    C:\Users\Suddenlink\Dropbox\git_files\embedded_design\Pr #
#                    oj2_uCOS-III-LCD-G14\Software\EvalBoards\Renesas\YRDKRL7 #
#                    8G14\IAR\Application\..\..\..\..\..\uC-LIB\ -I           #
#                    C:\Users\Suddenlink\Dropbox\git_files\embedded_design\Pr #
#                    oj2_uCOS-III-LCD-G14\Software\EvalBoards\Renesas\YRDKRL7 #
#                    8G14\IAR\Application\..\..\..\..\..\uCOS-III\Ports\Renes #
#                    as\RL78\IAR\ -I C:\Users\Suddenlink\Dropbox\git_files\em #
#                    bedded_design\Proj2_uCOS-III-LCD-G14\Software\EvalBoards #
#                    \Renesas\YRDKRL78G14\IAR\Application\..\..\..\..\..\uCOS #
#                    -III\Source\ --relaxed_fp                                #
#    List file    =  C:\Users\Suddenlink\Dropbox\git_files\embedded_design\Pr #
#                    oj2_uCOS-III-LCD-G14\Software\EvalBoards\Renesas\YRDKRL7 #
#                    8G14\IAR\Application\Debug\List\r_main.lst               #
#    Object file  =  C:\Users\Suddenlink\Dropbox\git_files\embedded_design\Pr #
#                    oj2_uCOS-III-LCD-G14\Software\EvalBoards\Renesas\YRDKRL7 #
#                    8G14\IAR\Application\Debug\Obj\r_main.r87                #
#                                                                             #
#                                                                             #
###############################################################################

C:\Users\Suddenlink\Dropbox\git_files\embedded_design\Proj2_uCOS-III-LCD-G14\Software\EvalBoards\Renesas\YRDKRL78G14\IAR\BSP\applilet3_src\r_main.c
      1          /***********************************************************************************************************************
      2          * DISCLAIMER
      3          * This software is supplied by Renesas Electronics Corporation and is only
      4          * intended for use with Renesas products. No other uses are authorized. This
      5          * software is owned by Renesas Electronics Corporation and is protected under
      6          * all applicable laws, including copyright laws.
      7          * THIS SOFTWARE IS PROVIDED "AS IS" AND RENESAS MAKES NO WARRANTIES REGARDING
      8          * THIS SOFTWARE, WHETHER EXPRESS, IMPLIED OR STATUTORY, INCLUDING BUT NOT
      9          * LIMITED TO WARRANTIES OF MERCHANTABILITY, FITNESS FOR A PARTICULAR PURPOSE
     10          * AND NON-INFRINGEMENT.  ALL SUCH WARRANTIES ARE EXPRESSLY DISCLAIMED.
     11          * TO THE MAXIMUM EXTENT PERMITTED NOT PROHIBITED BY LAW, NEITHER RENESAS
     12          * ELECTRONICS CORPORATION NOR ANY OF ITS AFFILIATED COMPANIES SHALL BE LIABLE
     13          * FOR ANY DIRECT, INDIRECT, SPECIAL, INCIDENTAL OR CONSEQUENTIAL DAMAGES FOR
     14          * ANY REASON RELATED TO THIS SOFTWARE, EVEN IF RENESAS OR ITS AFFILIATES HAVE
     15          * BEEN ADVISED OF THE POSSIBILITY OF SUCH DAMAGES.
     16          * Renesas reserves the right, without notice, to make changes to this software
     17          * and to discontinue the availability of this software.  By using this software,
     18          * you agree to the additional terms and conditions found by accessing the
     19          * following link:
     20          * http://www.renesas.com/disclaimer
     21          *
     22          * Copyright (C) 2011, 2013 Renesas Electronics Corporation. All rights reserved.
     23          ***********************************************************************************************************************/
     24          
     25          /***********************************************************************************************************************
     26          * File Name    : r_main.c
     27          * Version      : Applilet3 for RL78/G14 V2.01.00.02 [09 Aug 2013]
     28          * Device(s)    : R5F104PJ
     29          * Tool-Chain   : IAR Systems iccrl78
     30          * Description  : This file implements main function.
     31          * Creation Date: 3/8/2014
     32          ***********************************************************************************************************************/
     33          
     34          /***********************************************************************************************************************
     35          Includes
     36          ***********************************************************************************************************************/
     37          #include "r_cg_macrodriver.h"
     38          #include "r_cg_cgc.h"
     39          #include "r_cg_port.h"
     40          #include "r_cg_serial.h"
     41          #include "r_cg_adc.h"
     42          #include "r_cg_timer.h"
     43          #include "r_cg_it.h"
     44          /* Start user code for include. Do not edit comment generated here */
     45          #include "lcd.h"
     46          #include <stdint.h>
     47          /* End user code. Do not edit comment generated here */
     48          #include "r_cg_userdefine.h"
     49          
     50          /***********************************************************************************************************************
     51          Global variables and functions
     52          ***********************************************************************************************************************/
     53          /* Start user code for global. Do not edit comment generated here */
     54          extern int ucosIII_main(void);
     55          /* End user code. Do not edit comment generated here */
     56          
     57          /* Set option bytes */
     58          #pragma location = "OPTBYTE"

   \                                 In  segment OPTBYTE, align 1, root
     59          __root const uint8_t opbyte0 = 0xEFU;
   \                     opbyte0:
   \   000000 EF                    DB 239
     60          #pragma location = "OPTBYTE"

   \                                 In  segment OPTBYTE, align 1, root
     61          __root const uint8_t opbyte1 = 0xFFU;
   \                     opbyte1:
   \   000000 FF                    DB 255
     62          #pragma location = "OPTBYTE"

   \                                 In  segment OPTBYTE, align 1, root
     63          __root const uint8_t opbyte2 = 0xF8U;
   \                     opbyte2:
   \   000000 F8                    DB 248
     64          #pragma location = "OPTBYTE"

   \                                 In  segment OPTBYTE, align 1, root
     65          __root const uint8_t opbyte3 = 0x85U;
   \                     opbyte3:
   \   000000 85                    DB 133
     66          
     67          /* Set security ID */
     68          #pragma location = "SECUID"

   \                                 In  segment SECUID, align 2, root
     69          __root const uint8_t secuid[10] =
   \                     secuid:
   \   000000 000000000000          DB 0, 0, 0, 0, 0, 0, 0, 0, 0, 0
     70              {0x00U, 0x00U, 0x00U, 0x00U, 0x00U, 0x00U, 0x00U, 0x00U, 0x00U, 0x00U};
     71          /* Secure trace RAM area */

   \                                 In  segment NEAR_A, at 0xfa300, root
     72          __no_init __root unsigned char ocdtraceram[1024] @ 0xFA300;
   \                     ocdtraceram:
   \   000000                       DS 1024
     73          
     74          void R_MAIN_UserInit(void);
     75          
     76          /***********************************************************************************************************************
     77          * Function Name: main
     78          * Description  : This function implements main function.
     79          * Arguments    : None
     80          * Return Value : None
     81          ***********************************************************************************************************************/

   \                                 In  segment CODE, align 1, keep-with-next
     82          void main(void)
   \                     main:
     83          {
   \   000000                       ; * Stack frame (at entry) *
   \   000000                       ; Param size: 0
   \   000000                       ; Auto size: 0
     84              R_MAIN_UserInit();
   \   000000 717AFA                EI                           ;; 2 cycles
     85              /* Start user code. Do not edit comment generated here */
     86          
     87              ucosIII_main();
   \   000003 FD....                CALL      ucosIII_main       ;; 3 cycles
   \   000006                       ; ------------------------------------- Block: 5 cycles
     88          
     89              while (1U)  // code never should get here
   \                     ??main_0:
   \   000006 EFFE                  BR        S:??main_0         ;; 3 cycles
   \   000008                       ; ------------------------------------- Block: 3 cycles
   \   000008                       ; ------------------------------------- Total: 8 cycles
   \   000008                       REQUIRE ?CLRL78_V1_0_L00
     90              {
     91                ;
     92              }
     93              /* End user code. Do not edit comment generated here */
     94          }
     95          
     96          
     97          /***********************************************************************************************************************
     98          * Function Name: R_MAIN_UserInit
     99          * Description  : This function adds user code before implementing main function.
    100          * Arguments    : None
    101          * Return Value : None
    102          ***********************************************************************************************************************/

   \                                 In  segment CODE, align 1, keep-with-next
    103          void R_MAIN_UserInit(void)
   \                     R_MAIN_UserInit:
    104          {
   \   000000                       ; * Stack frame (at entry) *
   \   000000                       ; Param size: 0
   \   000000                       ; Auto size: 0
    105              /* Start user code. Do not edit comment generated here */
    106              EI();
   \   000000 717AFA                EI                           ;; 2 cycles
    107              /* End user code. Do not edit comment generated here */
    108          }
   \   000003 D7                    RET                          ;; 6 cycles
   \   000004                       ; ------------------------------------- Block: 8 cycles
   \   000004                       ; ------------------------------------- Total: 8 cycles
   \   000004                       REQUIRE ?CLRL78_V1_0_L00
    109          
    110          /* Start user code for adding. Do not edit comment generated here */
    111          /* End user code. Do not edit comment generated here */

   Maximum stack usage in bytes:

   CSTACK Function
   ------ --------
      0   R_MAIN_UserInit
      0   main
        0   -> ucosIII_main


   Segment part sizes:

   Bytes  Function/Label
   -----  --------------
       4  R_MAIN_UserInit
       8  main
    1024  ocdtraceram
       1  opbyte0
       1  opbyte1
       1  opbyte2
       1  opbyte3
      10  secuid

 
    12 bytes in segment CODE
 1 024 bytes in segment NEAR_A
     4 bytes in segment OPTBYTE
    10 bytes in segment SECUID
 
 12 bytes of CODE  memory
 14 bytes of CONST memory
  0 bytes of DATA  memory (+ 1 024 bytes shared)

Errors: none
Warnings: none
