###############################################################################
#                                                                             #
# IAR C/C++ Compiler V1.30.5.50715 for RL78             27/Jan/2014  12:23:29 #
# Copyright 2011-2013 IAR Systems AB.                                         #
# Network license: ece-lic-19.ece.ncsu.edu (STD)                              #
#                                                                             #
#    Core         =  rl78_2                                                   #
#    Code model   =  Near                                                     #
#    Data model   =  Near                                                     #
#                 =                                                           #
#    Source file  =  C:\Users\Suddenlink\Dropbox\git_files\embedded_design\LC #
#                    DDemo-G14\LCDDemo\LCDDemo-G14\applilet3_src\r_main.c     #
#    Command line =  C:\Users\Suddenlink\Dropbox\git_files\embedded_design\LC #
#                    DDemo-G14\LCDDemo\LCDDemo-G14\applilet3_src\r_main.c     #
#                    --core rl78_2 --code_model near --data_model near        #
#                    --near_const_location rom0 -o                            #
#                    C:\Users\Suddenlink\Dropbox\git_files\embedded_design\LC #
#                    DDemo-G14\LCDDemo\LCDDemo-G14\Debug\Obj\ --dlib_config   #
#                    "C:\Program Files\IAR Systems\Embedded Workbench         #
#                    6.5\rl78\LIB\dlrl78nn2n.h" -e -Ohz --no_scheduling       #
#                    --debug -lCN C:\Users\Suddenlink\Dropbox\git_files\embed #
#                    ded_design\LCDDemo-G14\LCDDemo\LCDDemo-G14\Debug\List\   #
#                    -I C:\Users\Suddenlink\Dropbox\git_files\embedded_design #
#                    \LCDDemo-G14\LCDDemo\LCDDemo-G14/applilet3_src/\ -I      #
#                    C:\Users\Suddenlink\Dropbox\git_files\embedded_design\LC #
#                    DDemo-G14\LCDDemo\LCDDemo-G14/Glyph/\ -I                 #
#                    C:\Users\Suddenlink\Dropbox\git_files\embedded_design\LC #
#                    DDemo-G14\LCDDemo\LCDDemo-G14/Glyph/Drivers/\ -I         #
#                    C:\Users\Suddenlink\Dropbox\git_files\embedded_design\LC #
#                    DDemo-G14\LCDDemo\LCDDemo-G14/user_include/\             #
#    List file    =  C:\Users\Suddenlink\Dropbox\git_files\embedded_design\LC #
#                    DDemo-G14\LCDDemo\LCDDemo-G14\Debug\List\r_main.lst      #
#    Object file  =  C:\Users\Suddenlink\Dropbox\git_files\embedded_design\LC #
#                    DDemo-G14\LCDDemo\LCDDemo-G14\Debug\Obj\r_main.r87       #
#                                                                             #
#                                                                             #
###############################################################################

C:\Users\Suddenlink\Dropbox\git_files\embedded_design\LCDDemo-G14\LCDDemo\LCDDemo-G14\applilet3_src\r_main.c
      1          /***********************************************************************************************************************
      2          * DISCLAIMER
      3          * This software is supplied by Renesas Electronics Corporation and is only 
      4          * intended for use with Renesas products. No other uses are authorized. This 
      5          * software is owned by Renesas Electronics Corporation and is protected under 
      6          * all applicable laws, including copyright laws.
      7          * THIS SOFTWARE IS PROVIDED "AS IS" AND RENESAS MAKES NO WARRANTIES REGARDING 
      8          * THIS SOFTWARE, WHETHER EXPRESS, IMPLIED OR STATUTORY, INCLUDING BUT NOT 
      9          * LIMITED TO WARRANTIES OF MERCHANTABILITY, FITNESS FOR A PARTICULAR PURPOSE 
     10          * AND NON-INFRINGEMENT.  ALL SUCH WARRANTIES ARE EXPRESSLY DISCLAIMED.
     11          * TO THE MAXIMUM EXTENT PERMITTED NOT PROHIBITED BY LAW, NEITHER RENESAS 
     12          * ELECTRONICS CORPORATION NOR ANY OF ITS AFFILIATED COMPANIES SHALL BE LIABLE 
     13          * FOR ANY DIRECT, INDIRECT, SPECIAL, INCIDENTAL OR CONSEQUENTIAL DAMAGES FOR 
     14          * ANY REASON RELATED TO THIS SOFTWARE, EVEN IF RENESAS OR ITS AFFILIATES HAVE 
     15          * BEEN ADVISED OF THE POSSIBILITY OF SUCH DAMAGES.
     16          * Renesas reserves the right, without notice, to make changes to this software 
     17          * and to discontinue the availability of this software.  By using this software, 
     18          * you agree to the additional terms and conditions found by accessing the 
     19          * following link:
     20          * http://www.renesas.com/disclaimer
     21          *
     22          * Copyright (C) 2011, 2012 Renesas Electronics Corporation. All rights reserved.
     23          ***********************************************************************************************************************/
     24          
     25          /***********************************************************************************************************************
     26          * File Name    : r_main.c
     27          * Version      : Applilet3 for RL78/G14 V1.01.03.06 [10 Sep 2012]
     28          * Device(s)    : R5F104PJ
     29          * Tool-Chain   : IAR Systems iccrl78
     30          * Description  : This file implements main function.
     31          * Creation Date: 4/25/2013
     32          ***********************************************************************************************************************/
     33          
     34          /***********************************************************************************************************************
     35          Includes
     36          ***********************************************************************************************************************/
     37          #include "r_cg_macrodriver.h"
     38          #include "r_cg_cgc.h"
     39          #include "r_cg_port.h"
     40          #include "r_cg_serial.h"
     41          #include "r_cg_it.h"
     42          /* Start user code for include. Do not edit comment generated here */
     43          #include "lcd.h"
     44          /* End user code. Do not edit comment generated here */
     45          #include "r_cg_userdefine.h"
     46          
     47          /***********************************************************************************************************************
     48          Global variables and functions
     49          ***********************************************************************************************************************/
     50          /* Start user code for global. Do not edit comment generated here */
     51          /* End user code. Do not edit comment generated here */
     52          
     53          /* Set option bytes */
     54          #pragma location = "OPTBYTE"

   \                                 In  segment OPTBYTE, align 1, root
     55          __root const uint8_t opbyte0 = 0xEFU;
   \                     opbyte0:
   \   000000 EF                    DB 239
     56          #pragma location = "OPTBYTE"

   \                                 In  segment OPTBYTE, align 1, root
     57          __root const uint8_t opbyte1 = 0xFFU;
   \                     opbyte1:
   \   000000 FF                    DB 255
     58          #pragma location = "OPTBYTE"

   \                                 In  segment OPTBYTE, align 1, root
     59          __root const uint8_t opbyte2 = 0xF8U;
   \                     opbyte2:
   \   000000 F8                    DB 248
     60          #pragma location = "OPTBYTE"

   \                                 In  segment OPTBYTE, align 1, root
     61          __root const uint8_t opbyte3 = 0x85U;
   \                     opbyte3:
   \   000000 85                    DB 133
     62          
     63          /* Set security ID */
     64          #pragma location = "SECUID"

   \                                 In  segment SECUID, align 2, root
     65          __root const uint8_t secuid[10] = 
   \                     secuid:
   \   000000 000000000000          DB 0, 0, 0, 0, 0, 0, 0, 0, 0, 0
     66              {0x00U, 0x00U, 0x00U, 0x00U, 0x00U, 0x00U, 0x00U, 0x00U, 0x00U, 0x00U};
     67          /* Secure trace RAM area */

   \                                 In  segment NEAR_A, at 0xfa300, root
     68          __no_init __root unsigned char ocdtraceram[1024] @ 0xFA300;
   \                     ocdtraceram:
   \   000000                       DS 1024
     69          
     70          void R_MAIN_UserInit(void);
     71          
     72          /***********************************************************************************************************************
     73          * Function Name: main
     74          * Description  : This function implements main function.
     75          * Arguments    : None
     76          * Return Value : None
     77          ***********************************************************************************************************************/

   \                                 In  segment CODE, align 1, keep-with-next
     78          void main(void)
   \                     main:
     79          {
   \   000000                       ; * Stack frame (at entry) *
   \   000000                       ; Param size: 0
   \   000000                       ; Auto size: 0
     80            R_MAIN_UserInit();
   \   000000 717AFA                EI                           ;; 2 cycles
     81              /* Start user code. Do not edit comment generated here */
     82          
     83            LCDInit();              
   \   000003 FD....                CALL      LCDInit            ;; 3 cycles
     84          
     85            LCDTest2();
   \   000006 FD....                CALL      LCDTest2           ;; 3 cycles
   \   000009                       ; ------------------------------------- Block: 8 cycles
     86          
     87            while (1U)
   \                     ??main_0:
   \   000009 EFFE                  BR        S:??main_0         ;; 3 cycles
   \   00000B                       ; ------------------------------------- Block: 3 cycles
   \   00000B                       ; ------------------------------------- Total: 11 cycles
   \   00000B                       REQUIRE ?CLRL78_V1_0_L00
     88            {
     89              ;
     90            }
     91              /* End user code. Do not edit comment generated here */
     92          }
     93          
     94          
     95          /***********************************************************************************************************************
     96          * Function Name: R_MAIN_UserInit
     97          * Description  : This function adds user code before implementing main function.
     98          * Arguments    : None
     99          * Return Value : None
    100          ***********************************************************************************************************************/

   \                                 In  segment CODE, align 1, keep-with-next
    101          void R_MAIN_UserInit(void)
   \                     R_MAIN_UserInit:
    102          {
   \   000000                       ; * Stack frame (at entry) *
   \   000000                       ; Param size: 0
   \   000000                       ; Auto size: 0
    103              /* Start user code. Do not edit comment generated here */
    104              EI();
   \   000000 717AFA                EI                           ;; 2 cycles
    105              /* End user code. Do not edit comment generated here */
    106          }
   \   000003 D7                    RET                          ;; 6 cycles
   \   000004                       ; ------------------------------------- Block: 8 cycles
   \   000004                       ; ------------------------------------- Total: 8 cycles
   \   000004                       REQUIRE ?CLRL78_V1_0_L00
    107          
    108          /* Start user code for adding. Do not edit comment generated here */
    109          /* End user code. Do not edit comment generated here */

   Maximum stack usage in bytes:

   CSTACK Function
   ------ --------
      0   R_MAIN_UserInit
      0   main
        0   -> LCDInit
        0   -> LCDTest2


   Segment part sizes:

   Bytes  Function/Label
   -----  --------------
       4  R_MAIN_UserInit
      11  main
    1024  ocdtraceram
       1  opbyte0
       1  opbyte1
       1  opbyte2
       1  opbyte3
      10  secuid

 
    15 bytes in segment CODE
 1 024 bytes in segment NEAR_A
     4 bytes in segment OPTBYTE
    10 bytes in segment SECUID
 
 15 bytes of CODE  memory
 14 bytes of CONST memory
  0 bytes of DATA  memory (+ 1 024 bytes shared)

Errors: none
Warnings: none
