###############################################################################
#                                                                             #
# IAR C/C++ Compiler V1.30.2.50607 for RL78             25/Apr/2013  22:00:25 #
# Copyright 2011-2013 IAR Systems AB.                                         #
#                                                                             #
#    Core         =  rl78_2                                                   #
#    Code model   =  Near                                                     #
#    Data model   =  Near                                                     #
#                 =                                                           #
#    Source file  =  C:\Users\Alex\Documents\Teaching\Book Writin'\RL78G14    #
#                    Book\Release Package\Ch2-MCU                             #
#                    Concepts\LCDDemo\LCDDemo-G14\applilet3_src\r_systeminit. #
#                    c                                                        #
#    Command line =  "C:\Users\Alex\Documents\Teaching\Book Writin'\RL78G14   #
#                    Book\Release Package\Ch2-MCU                             #
#                    Concepts\LCDDemo\LCDDemo-G14\applilet3_src\r_systeminit. #
#                    c" --core rl78_2 --code_model near --data_model near     #
#                    --near_const_location rom0 -o                            #
#                    "C:\Users\Alex\Documents\Teaching\Book Writin'\RL78G14   #
#                    Book\Release Package\Ch2-MCU                             #
#                    Concepts\LCDDemo\LCDDemo-G14\Debug\Obj\" --dlib_config   #
#                    "C:\Program Files (x86)\IAR Systems\Embedded Workbench   #
#                    6.5\rl78\LIB\dlrl78nn2n.h" -e -Ohz --no_scheduling       #
#                    --debug -lCN "C:\Users\Alex\Documents\Teaching\Book      #
#                    Writin'\RL78G14 Book\Release Package\Ch2-MCU             #
#                    Concepts\LCDDemo\LCDDemo-G14\Debug\List\" -I             #
#                    "C:\Users\Alex\Documents\Teaching\Book Writin'\RL78G14   #
#                    Book\Release Package\Ch2-MCU                             #
#                    Concepts\LCDDemo\LCDDemo-G14/applilet3_src/\" -I         #
#                    "C:\Users\Alex\Documents\Teaching\Book Writin'\RL78G14   #
#                    Book\Release Package\Ch2-MCU                             #
#                    Concepts\LCDDemo\LCDDemo-G14/Glyph/\" -I                 #
#                    "C:\Users\Alex\Documents\Teaching\Book Writin'\RL78G14   #
#                    Book\Release Package\Ch2-MCU                             #
#                    Concepts\LCDDemo\LCDDemo-G14/Glyph/Drivers/\" -I         #
#                    "C:\Users\Alex\Documents\Teaching\Book Writin'\RL78G14   #
#                    Book\Release Package\Ch2-MCU                             #
#                    Concepts\LCDDemo\LCDDemo-G14/user_include/\"             #
#    List file    =  C:\Users\Alex\Documents\Teaching\Book Writin'\RL78G14    #
#                    Book\Release Package\Ch2-MCU                             #
#                    Concepts\LCDDemo\LCDDemo-G14\Debug\List\r_systeminit.lst #
#    Object file  =  C:\Users\Alex\Documents\Teaching\Book Writin'\RL78G14    #
#                    Book\Release Package\Ch2-MCU                             #
#                    Concepts\LCDDemo\LCDDemo-G14\Debug\Obj\r_systeminit.r87  #
#                                                                             #
#                                                                             #
###############################################################################

C:\Users\Alex\Documents\Teaching\Book Writin'\RL78G14 Book\Release Package\Ch2-MCU Concepts\LCDDemo\LCDDemo-G14\applilet3_src\r_systeminit.c
      1          /***********************************************************************************************************************
      2          * DISCLAIMER
      3          * This software is supplied by Renesas Electronics Corporation and is only 
      4          * intended for use with Renesas products. No other uses are authorized. This 
      5          * software is owned by Renesas Electronics Corporation and is protected under 
      6          * all applicable laws, including copyright laws.
      7          * THIS SOFTWARE IS PROVIDED "AS IS" AND RENESAS MAKES NO WARRANTIES REGARDING 
      8          * THIS SOFTWARE, WHETHER EXPRESS, IMPLIED OR STATUTORY, INCLUDING BUT NOT 
      9          * LIMITED TO WARRANTIES OF MERCHANTABILITY, FITNESS FOR A PARTICULAR PURPOSE 
     10          * AND NON-INFRINGEMENT.  ALL SUCH WARRANTIES ARE EXPRESSLY DISCLAIMED.
     11          * TO THE MAXIMUM EXTENT PERMITTED NOT PROHIBITED BY LAW, NEITHER RENESAS 
     12          * ELECTRONICS CORPORATION NOR ANY OF ITS AFFILIATED COMPANIES SHALL BE LIABLE 
     13          * FOR ANY DIRECT, INDIRECT, SPECIAL, INCIDENTAL OR CONSEQUENTIAL DAMAGES FOR 
     14          * ANY REASON RELATED TO THIS SOFTWARE, EVEN IF RENESAS OR ITS AFFILIATES HAVE 
     15          * BEEN ADVISED OF THE POSSIBILITY OF SUCH DAMAGES.
     16          * Renesas reserves the right, without notice, to make changes to this software 
     17          * and to discontinue the availability of this software.  By using this software, 
     18          * you agree to the additional terms and conditions found by accessing the 
     19          * following link:
     20          * http://www.renesas.com/disclaimer
     21          *
     22          * Copyright (C) 2011, 2012 Renesas Electronics Corporation. All rights reserved.
     23          ***********************************************************************************************************************/
     24          
     25          /***********************************************************************************************************************
     26          * File Name    : r_systeminit.c
     27          * Version      : Applilet3 for RL78/G14 V1.01.03.06 [10 Sep 2012]
     28          * Device(s)    : R5F104PJ
     29          * Tool-Chain   : IAR Systems iccrl78
     30          * Description  : This file implements system initializing function.
     31          * Creation Date: 4/25/2013
     32          ***********************************************************************************************************************/
     33          
     34          /***********************************************************************************************************************
     35          Includes
     36          ***********************************************************************************************************************/
     37          #include "r_cg_macrodriver.h"

   \                                 In  segment NEAR_A, at 0xf0077
   \   union <unnamed> volatile __no_bit_access _A_PIOR0
   \                     _A_PIOR0:
   \   000000                       DS 1

   \                                 In  segment NEAR_A, at 0xf0078
   \   union <unnamed> volatile __no_bit_access _A_IAWCTL
   \                     _A_IAWCTL:
   \   000000                       DS 1

   \                                 In  segment NEAR_A, at 0xf0079
   \   union <unnamed> volatile __no_bit_access _A_PIOR1
   \                     _A_PIOR1:
   \   000000                       DS 1

   \                                 In  segment NEAR_A, at 0xf007b
   \   union <unnamed> volatile _A_PMS
   \                     _A_PMS:
   \   000000                       DS 1

   \                                 In  segment NEAR_A, at 0xf02f0
   \   union <unnamed> volatile _A_CRC0CTL
   \                     _A_CRC0CTL:
   \   000000                       DS 1
     38          #include "r_cg_cgc.h"
     39          #include "r_cg_port.h"
     40          #include "r_cg_serial.h"
     41          #include "r_cg_it.h"
     42          /* Start user code for include. Do not edit comment generated here */
     43          /* End user code. Do not edit comment generated here */
     44          #include "r_cg_userdefine.h"
     45          
     46          /***********************************************************************************************************************
     47          Global variables and functions
     48          ***********************************************************************************************************************/
     49          /* Start user code for global. Do not edit comment generated here */
     50          /* End user code. Do not edit comment generated here */
     51          int __low_level_init(void);
     52          void R_Systeminit(void);
     53          
     54          
     55          /***********************************************************************************************************************
     56          * Function Name: R_Systeminit
     57          * Description  : This function initializes every macro.
     58          * Arguments    : None
     59          * Return Value : None
     60          ***********************************************************************************************************************/

   \                                 In  segment CODE, align 1, keep-with-next
     61          void R_Systeminit(void)
   \                     R_Systeminit:
     62          {
   \   000000                       ; * Stack frame (at entry) *
   \   000000                       ; Param size: 0
   \   000000                       ; Auto size: 0
     63              PIOR0 = 0x00U;
   \   000000 CF770000              MOV       0x77, #0x0         ;; 1 cycle
     64              PIOR1 = 0x00U;
   \   000004 CF790000              MOV       0x79, #0x0         ;; 1 cycle
     65              R_PORT_Create();
   \   000008 FD....                CALL      R_PORT_Create      ;; 3 cycles
     66              R_CGC_Create();
   \   00000B FD....                CALL      R_CGC_Create       ;; 3 cycles
     67              R_SAU1_Create();
   \   00000E FD....                CALL      R_SAU1_Create      ;; 3 cycles
     68              R_IT_Create();
   \   000011 FD....                CALL      R_IT_Create        ;; 3 cycles
     69              CRC0CTL = 0x00U;
   \   000014 CFF00200              MOV       0x2F0, #0x0        ;; 1 cycle
     70              IAWCTL = 0x00U;
   \   000018 CF780000              MOV       0x78, #0x0         ;; 1 cycle
     71              PMS = 0x00U;
   \   00001C CF7B0000              MOV       0x7B, #0x0         ;; 1 cycle
     72          }
   \   000020 D7                    RET                          ;; 6 cycles
   \   000021                       ; ------------------------------------- Block: 23 cycles
   \   000021                       ; ------------------------------------- Total: 23 cycles
   \   000021                       REQUIRE ?CLRL78_V1_0_L00
   \   000021                       REQUIRE _A_PIOR0
   \   000021                       REQUIRE _A_PIOR1
   \   000021                       REQUIRE _A_CRC0CTL
   \   000021                       REQUIRE _A_IAWCTL
   \   000021                       REQUIRE _A_PMS
     73          
     74          /***********************************************************************************************************************
     75          * Function Name: __low_level_init
     76          * Description  : This function initializes hardware setting.
     77          * Arguments    : None
     78          * Return Value : None
     79          ***********************************************************************************************************************/

   \                                 In  segment CODE, align 1, keep-with-next, root
     80          int __low_level_init(void)
   \                     __low_level_init:
     81          {
   \   000000                       ; * Stack frame (at entry) *
   \   000000                       ; Param size: 0
   \   000000                       ; Auto size: 0
     82              DI();
   \   000000 717BFA                DI                           ;; 2 cycles
     83              R_Systeminit();
   \   000003 FD....                CALL      R_Systeminit       ;; 3 cycles
     84          
     85              return (1U);
   \   000006 E6                    ONEW      AX                 ;; 1 cycle
   \   000007 D7                    RET                          ;; 6 cycles
   \   000008                       ; ------------------------------------- Block: 12 cycles
   \   000008                       ; ------------------------------------- Total: 12 cycles
   \   000008                       REQUIRE ?CLRL78_V1_0_L00
     86          }
     87          
     88          /* Start user code for adding. Do not edit comment generated here */
     89          /* End user code. Do not edit comment generated here */

   Maximum stack usage in bytes:

   CSTACK Function
   ------ --------
      0   R_Systeminit
        0   -> R_CGC_Create
        0   -> R_IT_Create
        0   -> R_PORT_Create
        0   -> R_SAU1_Create
      0   __low_level_init
        0   -> R_Systeminit


   Segment part sizes:

   Bytes  Function/Label
   -----  --------------
      33  R_Systeminit
       1  _A_CRC0CTL
       1  _A_IAWCTL
       1  _A_PIOR0
       1  _A_PIOR1
       1  _A_PMS
       8  __low_level_init

 
 41 bytes in segment CODE
  5 bytes in segment NEAR_A
 
 41 bytes of CODE memory
  0 bytes of DATA memory (+ 5 bytes shared)

Errors: none
Warnings: none
