###############################################################################
#                                                                             #
# IAR C/C++ Compiler V1.30.3.50673 for RL78             05/Feb/2014  11:40:07 #
# Copyright 2011-2013 IAR Systems AB.                                         #
# Network license: ece-lic-19.ece.ncsu.edu (STD)                              #
#                                                                             #
#    Core         =  rl78_2                                                   #
#    Code model   =  Near                                                     #
#    Data model   =  Near                                                     #
#                 =                                                           #
#    Source file  =  C:\Users\Alex\Documents\Teaching\ESD\2014                #
#                    Spring\Demos\RTCSched\RTCSched-G14\applilet3_src\r_cg_se #
#                    rial_user.c                                              #
#    Command line =  "C:\Users\Alex\Documents\Teaching\ESD\2014               #
#                    Spring\Demos\RTCSched\RTCSched-G14\applilet3_src\r_cg_se #
#                    rial_user.c" --core rl78_2 --code_model near             #
#                    --data_model near --near_const_location rom0 -o          #
#                    "C:\Users\Alex\Documents\Teaching\ESD\2014               #
#                    Spring\Demos\RTCSched\RTCSched-G14\Debug\Obj\"           #
#                    --dlib_config "C:\Program Files (x86)\IAR                #
#                    Systems\Embedded Workbench 6.5\rl78\LIB\dlrl78nn2n.h"    #
#                    -e -Ohz --no_scheduling --debug -lCN                     #
#                    "C:\Users\Alex\Documents\Teaching\ESD\2014               #
#                    Spring\Demos\RTCSched\RTCSched-G14\Debug\List\" -I       #
#                    "C:\Users\Alex\Documents\Teaching\ESD\2014               #
#                    Spring\Demos\RTCSched\RTCSched-G14/applilet3_src/\" -I   #
#                    "C:\Users\Alex\Documents\Teaching\ESD\2014               #
#                    Spring\Demos\RTCSched\RTCSched-G14/Glyph/\" -I           #
#                    "C:\Users\Alex\Documents\Teaching\ESD\2014               #
#                    Spring\Demos\RTCSched\RTCSched-G14/Glyph/Drivers/\" -I   #
#                    "C:\Users\Alex\Documents\Teaching\ESD\2014               #
#                    Spring\Demos\RTCSched\RTCSched-G14/user_include/\" -I    #
#                    "C:\Users\Alex\Documents\Teaching\ESD\2014               #
#                    Spring\Demos\RTCSched\RTCSched-G14/RTC/\"                #
#    List file    =  C:\Users\Alex\Documents\Teaching\ESD\2014                #
#                    Spring\Demos\RTCSched\RTCSched-G14\Debug\List\r_cg_seria #
#                    l_user.lst                                               #
#    Object file  =  C:\Users\Alex\Documents\Teaching\ESD\2014                #
#                    Spring\Demos\RTCSched\RTCSched-G14\Debug\Obj\r_cg_serial #
#                    _user.r87                                                #
#                                                                             #
#                                                                             #
###############################################################################

C:\Users\Alex\Documents\Teaching\ESD\2014 Spring\Demos\RTCSched\RTCSched-G14\applilet3_src\r_cg_serial_user.c
      1          /***********************************************************************************************************************
      2          * DISCLAIMER
      3          * This software is supplied by Renesas Electronics Corporation and is only 
      4          * intended for use with Renesas products. No other uses are authorized. This 
      5          * software is owned by Renesas Electronics Corporation and is protected under 
      6          * all applicable laws, including copyright laws.
      7          * THIS SOFTWARE IS PROVIDED "AS IS" AND RENESAS MAKES NO WARRANTIES REGARDING 
      8          * THIS SOFTWARE, WHETHER EXPRESS, IMPLIED OR STATUTORY, INCLUDING BUT NOT 
      9          * LIMITED TO WARRANTIES OF MERCHANTABILITY, FITNESS FOR A PARTICULAR PURPOSE 
     10          * AND NON-INFRINGEMENT.  ALL SUCH WARRANTIES ARE EXPRESSLY DISCLAIMED.
     11          * TO THE MAXIMUM EXTENT PERMITTED NOT PROHIBITED BY LAW, NEITHER RENESAS 
     12          * ELECTRONICS CORPORATION NOR ANY OF ITS AFFILIATED COMPANIES SHALL BE LIABLE 
     13          * FOR ANY DIRECT, INDIRECT, SPECIAL, INCIDENTAL OR CONSEQUENTIAL DAMAGES FOR 
     14          * ANY REASON RELATED TO THIS SOFTWARE, EVEN IF RENESAS OR ITS AFFILIATES HAVE 
     15          * BEEN ADVISED OF THE POSSIBILITY OF SUCH DAMAGES.
     16          * Renesas reserves the right, without notice, to make changes to this software 
     17          * and to discontinue the availability of this software.  By using this software, 
     18          * you agree to the additional terms and conditions found by accessing the 
     19          * following link:
     20          * http://www.renesas.com/disclaimer
     21          *
     22          * Copyright (C) 2011, 2013 Renesas Electronics Corporation. All rights reserved.
     23          ***********************************************************************************************************************/
     24          
     25          /***********************************************************************************************************************
     26          * File Name    : r_cg_serial_user.c
     27          * Version      : Applilet3 for RL78/G14 V2.00.00.08 [12 Apr 2013]
     28          * Device(s)    : R5F104PJ
     29          * Tool-Chain   : IAR Systems iccrl78
     30          * Description  : This file implements device driver for Serial module.
     31          * Creation Date: 2/5/2014
     32          ***********************************************************************************************************************/
     33          
     34          /***********************************************************************************************************************
     35          Includes
     36          ***********************************************************************************************************************/
     37          #include "r_cg_macrodriver.h"

   \                                 In  segment NEAR_A, at 0xfff4a
   \   union <unnamed> volatile __sfr __no_bit_access _A_SDR11
   \                     _A_SDR11:
   \   000000                       DS 2

   \                                 In  segment NEAR_A, at 0xf0142
   \   union <unnamed> const volatile __no_bit_access _A_SSR11
   \                     _A_SSR11:
   \   000000                       DS 2

   \                                 In  segment NEAR_A, at 0xf014a
   \   union <unnamed> volatile __no_bit_access _A_SIR11
   \                     _A_SIR11:
   \   000000                       DS 2
     38          #include "r_cg_serial.h"
     39          /* Start user code for include. Do not edit comment generated here */
     40          /* End user code. Do not edit comment generated here */
     41          #include "r_cg_userdefine.h"
     42          
     43          /***********************************************************************************************************************
     44          Global variables and functions
     45          ***********************************************************************************************************************/
     46          extern uint8_t * gp_csi21_rx_address;         /* csi21 receive buffer address */
     47          extern uint16_t  g_csi21_rx_length;           /* csi21 receive data length */
     48          extern uint16_t  g_csi21_rx_count;            /* csi21 receive data count */
     49          extern uint8_t * gp_csi21_tx_address;         /* csi21 send buffer address */
     50          extern uint16_t  g_csi21_send_length;         /* csi21 send data length */
     51          extern uint16_t  g_csi21_tx_count;            /* csi21 send data count */
     52          /* Start user code for global. Do not edit comment generated here */

   \                                 In  segment NEAR_Z, align 1, align-sorted
     53          volatile uint8_t G_UART_SendingData = 0;
   \                     G_UART_SendingData:
   \   000000                       DS 1
   \   000001                       REQUIRE __INIT_NEAR_Z

   \                                 In  segment NEAR_Z, align 1, align-sorted
     54          volatile uint8_t G_UART_ReceivingData = 0;
   \                     G_UART_ReceivingData:
   \   000000                       DS 1
   \   000001                       REQUIRE __INIT_NEAR_Z

   \                                 In  segment NEAR_Z, align 1, align-sorted
     55          volatile uint8_t G_SPI_SendingData = 0;
   \                     G_SPI_SendingData:
   \   000000                       DS 1
   \   000001                       REQUIRE __INIT_NEAR_Z

   \                                 In  segment NEAR_Z, align 1, align-sorted
     56          volatile uint8_t G_SPI_ReceivingData = 0;
   \                     G_SPI_ReceivingData:
   \   000000                       DS 1
   \   000001                       REQUIRE __INIT_NEAR_Z

   \                                 In  segment NEAR_Z, align 1, align-sorted
     57          volatile uint8_t G_IIC_SendingData = 0;
   \                     G_IIC_SendingData:
   \   000000                       DS 1
   \   000001                       REQUIRE __INIT_NEAR_Z

   \                                 In  segment NEAR_Z, align 1, align-sorted
     58          volatile uint8_t G_IIC_ReceivingData = 0;
   \                     G_IIC_ReceivingData:
   \   000000                       DS 1
   \   000001                       REQUIRE __INIT_NEAR_Z
     59          /* End user code. Do not edit comment generated here */
     60          
     61          /***********************************************************************************************************************
     62          * Function Name: r_csi21_interrupt
     63          * Description  : This function is INTCSI21 interrupt service routine.
     64          * Arguments    : None
     65          * Return Value : None
     66          ***********************************************************************************************************************/
     67          #pragma vector = INTCSI21_vect

   \                                 In  segment CODE, align 1, keep-with-next
     68          __interrupt static void r_csi21_interrupt(void)
   \                     r_csi21_interrupt:
     69          {
   \   000000                       ; * Stack frame (at entry) *
   \   000000                       ; Param size: 0
   \   000000 C1                    PUSH      AX                 ;; 1 cycle
   \   000001 C7                    PUSH      HL                 ;; 1 cycle
   \   000002                       ; Auto size: 2
   \   000002 C1                    PUSH      AX                 ;; 1 cycle
     70              uint8_t err_type;
     71          
     72              err_type = (uint8_t)(SSR11 & _0001_SAU_OVERRUN_ERROR);
   \   000003 AF4201                MOVW      AX, 0x142          ;; 1 cycle
   \   000006 60                    MOV       A, X               ;; 1 cycle
   \   000007 5C01                  AND       A, #0x1            ;; 1 cycle
   \   000009 9800                  MOV       [SP], A            ;; 1 cycle
     73              SIR11 = (uint16_t)err_type;
   \   00000B 70                    MOV       X, A               ;; 1 cycle
   \   00000C F1                    CLRB      A                  ;; 1 cycle
   \   00000D BF4A01                MOVW      0x14A, AX          ;; 1 cycle
     74          
     75              if (1U == err_type)
   \   000010 AEF8                  MOVW      AX, SP             ;; 1 cycle
   \   000012 16                    MOVW      HL, AX             ;; 1 cycle
   \   000013 318329                BT        [HL].0, ??r_csi21_interrupt_0  ;; 5 cycles
   \   000016                       ; ------------------------------------- Block: 17 cycles
     76              {
     77                  r_csi21_callback_error(err_type);    /* overrun error occurs */
     78              }
     79              else
     80              {
     81                  if (g_csi21_tx_count > 0U)
   \   000016 F6                    CLRW      AX                 ;; 1 cycle
   \   000017 42....                CMPW      AX, N:g_csi21_tx_count  ;; 1 cycle
   \   00001A 8E4A                  MOV       A, 0xFFF4A         ;; 1 cycle
   \   00001C FB....                MOVW      HL, N:gp_csi21_rx_address  ;; 1 cycle
   \   00001F 9B                    MOV       [HL], A            ;; 1 cycle
   \   000020 DD17                  BZ        ??r_csi21_interrupt_1  ;; 4 cycles
   \   000022                       ; ------------------------------------- Block: 9 cycles
     82                  {
     83                      *gp_csi21_rx_address = SIO21;
     84                      gp_csi21_rx_address++;
   \   000022 AF....                MOVW      AX, N:gp_csi21_rx_address  ;; 1 cycle
   \   000025 A1                    INCW      AX                 ;; 1 cycle
   \   000026 BF....                MOVW      N:gp_csi21_rx_address, AX  ;; 1 cycle
     85                      SIO21 = *gp_csi21_tx_address;
   \   000029 FB....                MOVW      HL, N:gp_csi21_tx_address  ;; 1 cycle
   \   00002C 8B                    MOV       A, [HL]            ;; 1 cycle
   \   00002D 9E4A                  MOV       0xFFF4A, A         ;; 1 cycle
     86                      gp_csi21_tx_address++;
   \   00002F 17                    MOVW      AX, HL             ;; 1 cycle
   \   000030 A1                    INCW      AX                 ;; 1 cycle
   \   000031 BF....                MOVW      N:gp_csi21_tx_address, AX  ;; 1 cycle
     87                      g_csi21_tx_count--;
   \   000034 B2....                DECW      N:g_csi21_tx_count  ;; 2 cycles
   \   000037 EF06                  BR        S:??r_csi21_interrupt_0  ;; 3 cycles
   \   000039                       ; ------------------------------------- Block: 14 cycles
     88                  }
     89                  else 
     90                  {
     91                      if (0U == g_csi21_tx_count)
     92                      {
     93                          *gp_csi21_rx_address = SIO21;
     94                      }
     95          
     96                      r_csi21_callback_sendend();    /* complete send */
   \                     ??r_csi21_interrupt_1:
   \   000039 F5....                CLRB      N:G_SPI_SendingData  ;; 1 cycle
     97                      r_csi21_callback_receiveend();    /* complete receive */
   \   00003C F5....                CLRB      N:G_SPI_ReceivingData  ;; 1 cycle
     98                  }
     99              }
   \   00003F                       ; ------------------------------------- Block: 2 cycles
    100          }
   \                     ??r_csi21_interrupt_0:
   \   00003F 1002                  ADDW      SP, #0x2           ;; 1 cycle
   \   000041 C6                    POP       HL                 ;; 1 cycle
   \   000042 C0                    POP       AX                 ;; 1 cycle
   \   000043 61FC                  RETI                         ;; 6 cycles
   \   000045                       ; ------------------------------------- Block: 9 cycles
   \   000045                       ; ------------------------------------- Total: 51 cycles
   \   000045                       REQUIRE ?CLRL78_V1_0_L00
   \   000045                       REQUIRE _A_SSR11
   \   000045                       REQUIRE _A_SIR11
   \   000045                       REQUIRE _A_SDR11

   \                                 In  segment INTVEC, offset 0x16, root
   \   000016 ....                  DW r_csi21_interrupt
    101          
    102          /***********************************************************************************************************************
    103          * Function Name: r_csi21_callback_receiveend
    104          * Description  : This function is a callback function when CSI21 finishes reception.
    105          * Arguments    : None
    106          * Return Value : None
    107          ***********************************************************************************************************************/
    108          static void r_csi21_callback_receiveend(void)
    109          {
    110              /* Start user code. Do not edit comment generated here */
    111          	   G_SPI_ReceivingData = 0;
    112              /* End user code. Do not edit comment generated here */
    113          }
    114          
    115          /***********************************************************************************************************************
    116          * Function Name: r_csi21_callback_error
    117          * Description  : This function is a callback function when CSI21 reception error occurs.
    118          * Arguments    : err_type -
    119          *                    error type value
    120          * Return Value : None
    121          ***********************************************************************************************************************/
    122          static void r_csi21_callback_error(uint8_t err_type)
    123          {
    124              /* Start user code. Do not edit comment generated here */
    125              /* End user code. Do not edit comment generated here */
    126          }
    127          
    128          /***********************************************************************************************************************
    129          * Function Name: r_csi21_callback_sendend
    130          * Description  : This function is a callback function when CSI21 finishes transmission.
    131          * Arguments    : None
    132          * Return Value : None
    133          ***********************************************************************************************************************/
    134          static void r_csi21_callback_sendend(void)
    135          {
    136              /* Start user code. Do not edit comment generated here */
    137          	  G_SPI_SendingData = 0;
    138          		/* End user code. Do not edit comment generated here */
    139          }
    140          
    141          /* Start user code for adding. Do not edit comment generated here */
    142          /* End user code. Do not edit comment generated here */

   Maximum stack usage in bytes:

   CSTACK Function
   ------ --------
      6   r_csi21_interrupt


   Segment part sizes:

   Bytes  Function/Label
   -----  --------------
       2  ??r_csi21_interrupt??INTVEC 22
       1  G_IIC_ReceivingData
       1  G_IIC_SendingData
       1  G_SPI_ReceivingData
       1  G_SPI_SendingData
       1  G_UART_ReceivingData
       1  G_UART_SendingData
       2  _A_SDR11
       2  _A_SIR11
       2  _A_SSR11
      69  r_csi21_interrupt

 
 69 bytes in segment CODE
  2 bytes in segment INTVEC
  6 bytes in segment NEAR_A
  6 bytes in segment NEAR_Z
 
 69 bytes of CODE memory (+ 2 bytes shared)
  6 bytes of DATA memory (+ 6 bytes shared)

Errors: none
Warnings: none
