###############################################################################
#                                                                             #
# IAR C/C++ Compiler V1.30.5.50715 for RL78             19/Feb/2014  19:39:56 #
# Copyright 2011-2013 IAR Systems AB.                                         #
# Network license: ece-lic-19.ece.ncsu.edu (STD)                              #
#                                                                             #
#    Core         =  rl78_2                                                   #
#    Code model   =  Near                                                     #
#    Data model   =  Near                                                     #
#                 =                                                           #
#    Source file  =  C:\Users\Suddenlink\Dropbox\git_files\embedded_design\pr #
#                    oject1\GPSSim-G14\applilet3_src\r_cg_it_user.c           #
#    Command line =  C:\Users\Suddenlink\Dropbox\git_files\embedded_design\pr #
#                    oject1\GPSSim-G14\applilet3_src\r_cg_it_user.c --core    #
#                    rl78_2 --code_model near --data_model near               #
#                    --near_const_location rom0 -o                            #
#                    C:\Users\Suddenlink\Dropbox\git_files\embedded_design\pr #
#                    oject1\GPSSim-G14\Debug\Obj\ --dlib_config "C:\Program   #
#                    Files\IAR Systems\Embedded Workbench                     #
#                    6.5\rl78\LIB\dlrl78nn2n.h" -e -Ohz --no_scheduling       #
#                    --debug -lCN C:\Users\Suddenlink\Dropbox\git_files\embed #
#                    ded_design\project1\GPSSim-G14\Debug\List\ -I            #
#                    C:\Users\Suddenlink\Dropbox\git_files\embedded_design\pr #
#                    oject1\GPSSim-G14/applilet3_src/\ -I                     #
#                    C:\Users\Suddenlink\Dropbox\git_files\embedded_design\pr #
#                    oject1\GPSSim-G14/Glyph/\ -I                             #
#                    C:\Users\Suddenlink\Dropbox\git_files\embedded_design\pr #
#                    oject1\GPSSim-G14/Glyph/Drivers/\ -I                     #
#                    C:\Users\Suddenlink\Dropbox\git_files\embedded_design\pr #
#                    oject1\GPSSim-G14/user_include/\ -I                      #
#                    C:\Users\Suddenlink\Dropbox\git_files\embedded_design\pr #
#                    oject1\GPSSim-G14/RTC/\                                  #
#    List file    =  C:\Users\Suddenlink\Dropbox\git_files\embedded_design\pr #
#                    oject1\GPSSim-G14\Debug\List\r_cg_it_user.lst            #
#    Object file  =  C:\Users\Suddenlink\Dropbox\git_files\embedded_design\pr #
#                    oject1\GPSSim-G14\Debug\Obj\r_cg_it_user.r87             #
#                                                                             #
#                                                                             #
###############################################################################

C:\Users\Suddenlink\Dropbox\git_files\embedded_design\project1\GPSSim-G14\applilet3_src\r_cg_it_user.c
      1          /***********************************************************************************************************************
      2          * DISCLAIMER
      3          * This software is supplied by Renesas Electronics Corporation and is only 
      4          * intended for use with Renesas products. No other uses are authorized. This 
      5          * software is owned by Renesas Electronics Corporation and is protected under 
      6          * all applicable laws, including copyright laws.
      7          * THIS SOFTWARE IS PROVIDED "AS IS" AND RENESAS MAKES NO WARRANTIES REGARDING 
      8          * THIS SOFTWARE, WHETHER EXPRESS, IMPLIED OR STATUTORY, INCLUDING BUT NOT 
      9          * LIMITED TO WARRANTIES OF MERCHANTABILITY, FITNESS FOR A PARTICULAR PURPOSE 
     10          * AND NON-INFRINGEMENT.  ALL SUCH WARRANTIES ARE EXPRESSLY DISCLAIMED.
     11          * TO THE MAXIMUM EXTENT PERMITTED NOT PROHIBITED BY LAW, NEITHER RENESAS 
     12          * ELECTRONICS CORPORATION NOR ANY OF ITS AFFILIATED COMPANIES SHALL BE LIABLE 
     13          * FOR ANY DIRECT, INDIRECT, SPECIAL, INCIDENTAL OR CONSEQUENTIAL DAMAGES FOR 
     14          * ANY REASON RELATED TO THIS SOFTWARE, EVEN IF RENESAS OR ITS AFFILIATES HAVE 
     15          * BEEN ADVISED OF THE POSSIBILITY OF SUCH DAMAGES.
     16          * Renesas reserves the right, without notice, to make changes to this software 
     17          * and to discontinue the availability of this software.  By using this software, 
     18          * you agree to the additional terms and conditions found by accessing the 
     19          * following link:
     20          * http://www.renesas.com/disclaimer
     21          *
     22          * Copyright (C) 2011, 2013 Renesas Electronics Corporation. All rights reserved.
     23          ***********************************************************************************************************************/
     24          
     25          /***********************************************************************************************************************
     26          * File Name    : r_cg_it_user.c
     27          * Version      : Applilet3 for RL78/G14 V2.00.00.08 [12 Apr 2013]
     28          * Device(s)    : R5F104PJ
     29          * Tool-Chain   : IAR Systems iccrl78
     30          * Description  : This file implements device driver for IT module.
     31          * Creation Date: 2/7/2014
     32          ***********************************************************************************************************************/
     33          
     34          /***********************************************************************************************************************
     35          Includes
     36          ***********************************************************************************************************************/
     37          #include "r_cg_macrodriver.h"
     38          #include "r_cg_it.h"
     39          /* Start user code for include. Do not edit comment generated here */
     40          #include "rtc_sched.h"
     41          /* End user code. Do not edit comment generated here */
     42          #include "r_cg_userdefine.h"
     43          
     44          /***********************************************************************************************************************
     45          Global variables and functions
     46          ***********************************************************************************************************************/
     47          /* Start user code for global. Do not edit comment generated here */
     48          /* End user code. Do not edit comment generated here */
     49          
     50          /***********************************************************************************************************************
     51          * Function Name: r_it_interrupt
     52          * Description  : This function is INTIT interrupt service routine.
     53          * Arguments    : None
     54          * Return Value : None
     55          ***********************************************************************************************************************/
     56          #pragma vector = INTIT_vect

   \                                 In  segment CODE, align 1, keep-with-next
     57          __interrupt static void r_it_interrupt(void)
   \                     r_it_interrupt:
     58          {
   \   000000                       ; * Stack frame (at entry) *
   \   000000                       ; Param size: 0
   \   000000 C1                    PUSH      AX                 ;; 1 cycle
   \   000001 C7                    PUSH      HL                 ;; 1 cycle
   \   000002 AEFC                  MOVW      AX, 0xFFFFC        ;; 1 cycle
   \   000004 C1                    PUSH      AX                 ;; 1 cycle
   \   000005                       ; Auto size: 0
     59              /* Start user code. Do not edit comment generated here */
     60          		tick_timer_intr(); // call RTC Scheduler's tick to update task info
   \   000005 FD....                CALL      tick_timer_intr    ;; 3 cycles
     61           	/* End user code. Do not edit comment generated here */
     62          }
   \   000008 C0                    POP       AX                 ;; 1 cycle
   \   000009 BEFC                  MOVW      0xFFFFC, AX        ;; 1 cycle
   \   00000B C6                    POP       HL                 ;; 1 cycle
   \   00000C C0                    POP       AX                 ;; 1 cycle
   \   00000D 61FC                  RETI                         ;; 6 cycles
   \   00000F                       ; ------------------------------------- Block: 17 cycles
   \   00000F                       ; ------------------------------------- Total: 17 cycles
   \   00000F                       REQUIRE ?CLRL78_V1_0_L00

   \                                 In  segment INTVEC, offset 0x38, root
   \   000038 ....                  DW r_it_interrupt
     63          
     64          /* Start user code for adding. Do not edit comment generated here */
     65          /* End user code. Do not edit comment generated here */

   Maximum stack usage in bytes:

   CSTACK Function
   ------ --------
      6   r_it_interrupt
        6   -> tick_timer_intr


   Segment part sizes:

   Bytes  Function/Label
   -----  --------------
       2  ??r_it_interrupt??INTVEC 56
      15  r_it_interrupt

 
 15 bytes in segment CODE
  2 bytes in segment INTVEC
 
 15 bytes of CODE memory (+ 2 bytes shared)

Errors: none
Warnings: none
